[2025-11-14T09:50:53.192+0000] {local_task_job_runner.py:123} INFO - ::group::Pre task execution logs
[2025-11-14T09:50:53.213+0000] {taskinstance.py:2612} INFO - Dependencies all met for dep_context=non-requeueable deps ti=<TaskInstance: sentiment_reviews_etl_batches.load_alerts_task manual__2025-11-14T09:50:27.479084+00:00 [queued]>
[2025-11-14T09:50:53.222+0000] {taskinstance.py:2612} INFO - Dependencies all met for dep_context=requeueable deps ti=<TaskInstance: sentiment_reviews_etl_batches.load_alerts_task manual__2025-11-14T09:50:27.479084+00:00 [queued]>
[2025-11-14T09:50:53.225+0000] {taskinstance.py:2865} INFO - Starting attempt 1 of 2
[2025-11-14T09:50:53.243+0000] {taskinstance.py:2888} INFO - Executing <Task(PythonOperator): load_alerts_task> on 2025-11-14 09:50:27.479084+00:00
[2025-11-14T09:50:53.255+0000] {standard_task_runner.py:72} INFO - Started process 1181 to run task
[2025-11-14T09:50:53.262+0000] {standard_task_runner.py:104} INFO - Running: ['***', 'tasks', 'run', 'sentiment_reviews_etl_batches', 'load_alerts_task', 'manual__2025-11-14T09:50:27.479084+00:00', '--job-id', '115', '--raw', '--subdir', 'DAGS_FOLDER/sentiment_review_pipeline_dag.py', '--cfg-path', '/tmp/tmpryf0gbqz']
[2025-11-14T09:50:53.268+0000] {standard_task_runner.py:105} INFO - Job 115: Subtask load_alerts_task
[2025-11-14T09:50:53.328+0000] {task_command.py:467} INFO - Running <TaskInstance: sentiment_reviews_etl_batches.load_alerts_task manual__2025-11-14T09:50:27.479084+00:00 [running]> on host 76ee26759cb5
[2025-11-14T09:50:53.410+0000] {taskinstance.py:3131} INFO - Exporting env vars: AIRFLOW_CTX_DAG_OWNER='***' AIRFLOW_CTX_DAG_ID='sentiment_reviews_etl_batches' AIRFLOW_CTX_TASK_ID='load_alerts_task' AIRFLOW_CTX_EXECUTION_DATE='2025-11-14T09:50:27.479084+00:00' AIRFLOW_CTX_TRY_NUMBER='1' AIRFLOW_CTX_DAG_RUN_ID='manual__2025-11-14T09:50:27.479084+00:00'
[2025-11-14T09:50:53.413+0000] {taskinstance.py:731} INFO - ::endgroup::
[2025-11-14T09:50:53.448+0000] {log.py:232} WARNING - 2025-11-14 09:50:53 | ERROR | alert_logger | Alert generation failed: 2003 (HY000): Can't connect to MySQL server on 'localhost:3306' (111)
[2025-11-14T09:50:53.447+0000] {alert_system.py:118} ERROR - Alert generation failed: 2003 (HY000): Can't connect to MySQL server on 'localhost:3306' (111)
[2025-11-14T09:50:53.461+0000] {alert_system.py:119} DEBUG - Traceback (most recent call last):
  File "/home/***/.local/lib/python3.10/site-packages/mysql/connector/connection_cext.py", line 302, in _open_connection
    self._cmysql.connect(**cnx_kwargs)
_mysql_connector.MySQLInterfaceError: Can't connect to MySQL server on 'localhost:3306' (111)

The above exception was the direct cause of the following exception:

Traceback (most recent call last):
  File "/opt/***/project/scripts/alert_system.py", line 36, in load_district_negative_alerts
    conn = my.connect(
  File "/home/***/.local/lib/python3.10/site-packages/mysql/connector/pooling.py", line 293, in connect
    return CMySQLConnection(*args, **kwargs)
  File "/home/***/.local/lib/python3.10/site-packages/mysql/connector/connection_cext.py", line 128, in __init__
    self.connect(**kwargs)
  File "/home/***/.local/lib/python3.10/site-packages/mysql/connector/abstracts.py", line 1217, in connect
    self._open_connection()
  File "/home/***/.local/lib/python3.10/site-packages/mysql/connector/connection_cext.py", line 307, in _open_connection
    raise get_mysql_exception(
mysql.connector.errors.DatabaseError: 2003 (HY000): Can't connect to MySQL server on 'localhost:3306' (111)

[2025-11-14T09:50:53.463+0000] {log.py:232} WARNING - 2025-11-14 09:50:53 | INFO | alert_logger | Database connection closed
[2025-11-14T09:50:53.462+0000] {alert_system.py:130} INFO - Database connection closed
[2025-11-14T09:50:53.465+0000] {taskinstance.py:3310} ERROR - Task failed with exception
Traceback (most recent call last):
  File "/home/airflow/.local/lib/python3.10/site-packages/mysql/connector/connection_cext.py", line 302, in _open_connection
    self._cmysql.connect(**cnx_kwargs)
_mysql_connector.MySQLInterfaceError: Can't connect to MySQL server on 'localhost:3306' (111)

The above exception was the direct cause of the following exception:

Traceback (most recent call last):
  File "/home/airflow/.local/lib/python3.10/site-packages/airflow/models/taskinstance.py", line 767, in _execute_task
    result = _execute_callable(context=context, **execute_callable_kwargs)
  File "/home/airflow/.local/lib/python3.10/site-packages/airflow/models/taskinstance.py", line 733, in _execute_callable
    return ExecutionCallableRunner(
  File "/home/airflow/.local/lib/python3.10/site-packages/airflow/utils/operator_helpers.py", line 252, in run
    return self.func(*args, **kwargs)
  File "/home/airflow/.local/lib/python3.10/site-packages/airflow/models/baseoperator.py", line 406, in wrapper
    return func(self, *args, **kwargs)
  File "/home/airflow/.local/lib/python3.10/site-packages/airflow/operators/python.py", line 238, in execute
    return_value = self.execute_callable()
  File "/home/airflow/.local/lib/python3.10/site-packages/airflow/operators/python.py", line 256, in execute_callable
    return runner.run(*self.op_args, **self.op_kwargs)
  File "/home/airflow/.local/lib/python3.10/site-packages/airflow/utils/operator_helpers.py", line 252, in run
    return self.func(*args, **kwargs)
  File "/opt/airflow/dags/sentiment_review_pipeline_dag.py", line 177, in load_alerts_task
    alerts = load_district_negative_alerts(CONFIG_PATH)
  File "/opt/airflow/project/scripts/alert_system.py", line 36, in load_district_negative_alerts
    conn = my.connect(
  File "/home/airflow/.local/lib/python3.10/site-packages/mysql/connector/pooling.py", line 293, in connect
    return CMySQLConnection(*args, **kwargs)
  File "/home/airflow/.local/lib/python3.10/site-packages/mysql/connector/connection_cext.py", line 128, in __init__
    self.connect(**kwargs)
  File "/home/airflow/.local/lib/python3.10/site-packages/mysql/connector/abstracts.py", line 1217, in connect
    self._open_connection()
  File "/home/airflow/.local/lib/python3.10/site-packages/mysql/connector/connection_cext.py", line 307, in _open_connection
    raise get_mysql_exception(
mysql.connector.errors.DatabaseError: 2003 (HY000): Can't connect to MySQL server on 'localhost:3306' (111)
[2025-11-14T09:50:53.483+0000] {taskinstance.py:1225} INFO - Marking task as UP_FOR_RETRY. dag_id=sentiment_reviews_etl_batches, task_id=load_alerts_task, run_id=manual__2025-11-14T09:50:27.479084+00:00, execution_date=20251114T095027, start_date=20251114T095053, end_date=20251114T095053
[2025-11-14T09:50:53.500+0000] {taskinstance.py:340} INFO - ::group::Post task execution logs
[2025-11-14T09:50:53.502+0000] {standard_task_runner.py:124} ERROR - Failed to execute job 115 for task load_alerts_task (2003 (HY000): Can't connect to MySQL server on 'localhost:3306' (111); 1181)
Traceback (most recent call last):
  File "/home/airflow/.local/lib/python3.10/site-packages/mysql/connector/connection_cext.py", line 302, in _open_connection
    self._cmysql.connect(**cnx_kwargs)
_mysql_connector.MySQLInterfaceError: Can't connect to MySQL server on 'localhost:3306' (111)

The above exception was the direct cause of the following exception:

Traceback (most recent call last):
  File "/home/airflow/.local/lib/python3.10/site-packages/airflow/task/task_runner/standard_task_runner.py", line 117, in _start_by_fork
    ret = args.func(args, dag=self.dag)
  File "/home/airflow/.local/lib/python3.10/site-packages/airflow/cli/cli_config.py", line 49, in command
    return func(*args, **kwargs)
  File "/home/airflow/.local/lib/python3.10/site-packages/airflow/utils/cli.py", line 115, in wrapper
    return f(*args, **kwargs)
  File "/home/airflow/.local/lib/python3.10/site-packages/airflow/cli/commands/task_command.py", line 483, in task_run
    task_return_code = _run_task_by_selected_method(args, _dag, ti)
  File "/home/airflow/.local/lib/python3.10/site-packages/airflow/cli/commands/task_command.py", line 256, in _run_task_by_selected_method
    return _run_raw_task(args, ti)
  File "/home/airflow/.local/lib/python3.10/site-packages/airflow/cli/commands/task_command.py", line 341, in _run_raw_task
    return ti._run_raw_task(
  File "/home/airflow/.local/lib/python3.10/site-packages/airflow/utils/session.py", line 97, in wrapper
    return func(*args, session=session, **kwargs)
  File "/home/airflow/.local/lib/python3.10/site-packages/airflow/models/taskinstance.py", line 3004, in _run_raw_task
    return _run_raw_task(
  File "/home/airflow/.local/lib/python3.10/site-packages/airflow/models/taskinstance.py", line 273, in _run_raw_task
    TaskInstance._execute_task_with_callbacks(
  File "/home/airflow/.local/lib/python3.10/site-packages/airflow/models/taskinstance.py", line 3158, in _execute_task_with_callbacks
    result = self._execute_task(context, task_orig)
  File "/home/airflow/.local/lib/python3.10/site-packages/airflow/models/taskinstance.py", line 3182, in _execute_task
    return _execute_task(self, context, task_orig)
  File "/home/airflow/.local/lib/python3.10/site-packages/airflow/models/taskinstance.py", line 767, in _execute_task
    result = _execute_callable(context=context, **execute_callable_kwargs)
  File "/home/airflow/.local/lib/python3.10/site-packages/airflow/models/taskinstance.py", line 733, in _execute_callable
    return ExecutionCallableRunner(
  File "/home/airflow/.local/lib/python3.10/site-packages/airflow/utils/operator_helpers.py", line 252, in run
    return self.func(*args, **kwargs)
  File "/home/airflow/.local/lib/python3.10/site-packages/airflow/models/baseoperator.py", line 406, in wrapper
    return func(self, *args, **kwargs)
  File "/home/airflow/.local/lib/python3.10/site-packages/airflow/operators/python.py", line 238, in execute
    return_value = self.execute_callable()
  File "/home/airflow/.local/lib/python3.10/site-packages/airflow/operators/python.py", line 256, in execute_callable
    return runner.run(*self.op_args, **self.op_kwargs)
  File "/home/airflow/.local/lib/python3.10/site-packages/airflow/utils/operator_helpers.py", line 252, in run
    return self.func(*args, **kwargs)
  File "/opt/airflow/dags/sentiment_review_pipeline_dag.py", line 177, in load_alerts_task
    alerts = load_district_negative_alerts(CONFIG_PATH)
  File "/opt/airflow/project/scripts/alert_system.py", line 36, in load_district_negative_alerts
    conn = my.connect(
  File "/home/airflow/.local/lib/python3.10/site-packages/mysql/connector/pooling.py", line 293, in connect
    return CMySQLConnection(*args, **kwargs)
  File "/home/airflow/.local/lib/python3.10/site-packages/mysql/connector/connection_cext.py", line 128, in __init__
    self.connect(**kwargs)
  File "/home/airflow/.local/lib/python3.10/site-packages/mysql/connector/abstracts.py", line 1217, in connect
    self._open_connection()
  File "/home/airflow/.local/lib/python3.10/site-packages/mysql/connector/connection_cext.py", line 307, in _open_connection
    raise get_mysql_exception(
mysql.connector.errors.DatabaseError: 2003 (HY000): Can't connect to MySQL server on 'localhost:3306' (111)
[2025-11-14T09:50:53.556+0000] {local_task_job_runner.py:266} INFO - Task exited with return code 1
[2025-11-14T09:50:53.602+0000] {taskinstance.py:3900} INFO - 0 downstream tasks scheduled from follow-on schedule check
[2025-11-14T09:50:53.606+0000] {local_task_job_runner.py:245} INFO - ::endgroup::
