[2025-11-14T12:05:35.184+0000] {local_task_job_runner.py:123} INFO - ::group::Pre task execution logs
[2025-11-14T12:05:35.204+0000] {taskinstance.py:2612} INFO - Dependencies all met for dep_context=non-requeueable deps ti=<TaskInstance: sentiment_reviews_etl_batches.load_data_task manual__2025-11-14T11:58:27.582167+00:00 [queued]>
[2025-11-14T12:05:35.216+0000] {taskinstance.py:2612} INFO - Dependencies all met for dep_context=requeueable deps ti=<TaskInstance: sentiment_reviews_etl_batches.load_data_task manual__2025-11-14T11:58:27.582167+00:00 [queued]>
[2025-11-14T12:05:35.218+0000] {taskinstance.py:2865} INFO - Starting attempt 2 of 2
[2025-11-14T12:05:35.236+0000] {taskinstance.py:2888} INFO - Executing <Task(PythonOperator): load_data_task> on 2025-11-14 11:58:27.582167+00:00
[2025-11-14T12:05:35.252+0000] {standard_task_runner.py:72} INFO - Started process 562 to run task
[2025-11-14T12:05:35.261+0000] {standard_task_runner.py:104} INFO - Running: ['***', 'tasks', 'run', 'sentiment_reviews_etl_batches', 'load_data_task', 'manual__2025-11-14T11:58:27.582167+00:00', '--job-id', '186', '--raw', '--subdir', 'DAGS_FOLDER/sentiment_review_pipeline_dag.py', '--cfg-path', '/tmp/tmppm244rjs']
[2025-11-14T12:05:35.269+0000] {standard_task_runner.py:105} INFO - Job 186: Subtask load_data_task
[2025-11-14T12:05:35.349+0000] {task_command.py:467} INFO - Running <TaskInstance: sentiment_reviews_etl_batches.load_data_task manual__2025-11-14T11:58:27.582167+00:00 [running]> on host 8d452abf73f2
[2025-11-14T12:05:35.460+0000] {taskinstance.py:3131} INFO - Exporting env vars: AIRFLOW_CTX_DAG_OWNER='***' AIRFLOW_CTX_DAG_ID='sentiment_reviews_etl_batches' AIRFLOW_CTX_TASK_ID='load_data_task' AIRFLOW_CTX_EXECUTION_DATE='2025-11-14T11:58:27.582167+00:00' AIRFLOW_CTX_TRY_NUMBER='2' AIRFLOW_CTX_DAG_RUN_ID='manual__2025-11-14T11:58:27.582167+00:00'
[2025-11-14T12:05:35.465+0000] {taskinstance.py:731} INFO - ::endgroup::
[2025-11-14T12:05:35.610+0000] {log.py:232} WARNING - 2025-11-14 12:05:35 | INFO | load_batch_to_db | Connected to DB
[2025-11-14T12:05:35.609+0000] {load_data.py:25} INFO - Connected to DB
[2025-11-14T12:05:36.210+0000] {log.py:232} WARNING - 2025-11-14 12:05:36 | INFO | load_batch_to_db | district_stats updated
[2025-11-14T12:05:36.210+0000] {load_data.py:87} INFO - district_stats updated
[2025-11-14T12:05:36.264+0000] {log.py:232} WARNING - 2025-11-14 12:05:36 | ERROR | load_batch_to_db | Error loading batch: 1054 (42S22): Unknown column 'predicted_sentiment' in 'field list'
Traceback (most recent call last):
  File "/home/***/.local/lib/python3.10/site-packages/mysql/connector/connection_cext.py", line 633, in cmd_query
    self._cmysql.query(
_mysql_connector.MySQLInterfaceError: Unknown column 'predicted_sentiment' in 'field list'

The above exception was the direct cause of the following exception:

Traceback (most recent call last):
  File "/opt/***/project/scripts/load_data.py", line 100, in load_batch_to_db
    cursor.executemany(
  File "/home/***/.local/lib/python3.10/site-packages/mysql/connector/cursor_cext.py", line 455, in executemany
    return self.execute(stmt)
  File "/home/***/.local/lib/python3.10/site-packages/mysql/connector/cursor_cext.py", line 330, in execute
    result = self._cnx.cmd_query(
  File "/home/***/.local/lib/python3.10/site-packages/mysql/connector/opentelemetry/context_propagation.py", line 86, in wrapper
    result = method(cnx, *args, **kwargs)
  File "/home/***/.local/lib/python3.10/site-packages/mysql/connector/connection_cext.py", line 641, in cmd_query
    raise get_mysql_exception(
mysql.connector.errors.ProgrammingError: 1054 (42S22): Unknown column 'predicted_sentiment' in 'field list'
[2025-11-14T12:05:36.257+0000] {load_data.py:151} ERROR - Error loading batch: 1054 (42S22): Unknown column 'predicted_sentiment' in 'field list'
Traceback (most recent call last):
  File "/home/airflow/.local/lib/python3.10/site-packages/mysql/connector/connection_cext.py", line 633, in cmd_query
    self._cmysql.query(
_mysql_connector.MySQLInterfaceError: Unknown column 'predicted_sentiment' in 'field list'

The above exception was the direct cause of the following exception:

Traceback (most recent call last):
  File "/opt/airflow/project/scripts/load_data.py", line 100, in load_batch_to_db
    cursor.executemany(
  File "/home/airflow/.local/lib/python3.10/site-packages/mysql/connector/cursor_cext.py", line 455, in executemany
    return self.execute(stmt)
  File "/home/airflow/.local/lib/python3.10/site-packages/mysql/connector/cursor_cext.py", line 330, in execute
    result = self._cnx.cmd_query(
  File "/home/airflow/.local/lib/python3.10/site-packages/mysql/connector/opentelemetry/context_propagation.py", line 86, in wrapper
    result = method(cnx, *args, **kwargs)
  File "/home/airflow/.local/lib/python3.10/site-packages/mysql/connector/connection_cext.py", line 641, in cmd_query
    raise get_mysql_exception(
mysql.connector.errors.ProgrammingError: 1054 (42S22): Unknown column 'predicted_sentiment' in 'field list'
[2025-11-14T12:05:36.269+0000] {log.py:232} WARNING - 2025-11-14 12:05:36 | INFO | load_batch_to_db | DB connection closed
[2025-11-14T12:05:36.268+0000] {load_data.py:159} INFO - DB connection closed
[2025-11-14T12:05:36.272+0000] {taskinstance.py:3310} ERROR - Task failed with exception
Traceback (most recent call last):
  File "/home/airflow/.local/lib/python3.10/site-packages/mysql/connector/connection_cext.py", line 633, in cmd_query
    self._cmysql.query(
_mysql_connector.MySQLInterfaceError: Unknown column 'predicted_sentiment' in 'field list'

The above exception was the direct cause of the following exception:

Traceback (most recent call last):
  File "/home/airflow/.local/lib/python3.10/site-packages/airflow/models/taskinstance.py", line 767, in _execute_task
    result = _execute_callable(context=context, **execute_callable_kwargs)
  File "/home/airflow/.local/lib/python3.10/site-packages/airflow/models/taskinstance.py", line 733, in _execute_callable
    return ExecutionCallableRunner(
  File "/home/airflow/.local/lib/python3.10/site-packages/airflow/utils/operator_helpers.py", line 252, in run
    return self.func(*args, **kwargs)
  File "/home/airflow/.local/lib/python3.10/site-packages/airflow/models/baseoperator.py", line 406, in wrapper
    return func(self, *args, **kwargs)
  File "/home/airflow/.local/lib/python3.10/site-packages/airflow/operators/python.py", line 238, in execute
    return_value = self.execute_callable()
  File "/home/airflow/.local/lib/python3.10/site-packages/airflow/operators/python.py", line 256, in execute_callable
    return runner.run(*self.op_args, **self.op_kwargs)
  File "/home/airflow/.local/lib/python3.10/site-packages/airflow/utils/operator_helpers.py", line 252, in run
    return self.func(*args, **kwargs)
  File "/opt/airflow/dags/sentiment_review_pipeline_dag.py", line 172, in load_task
    load_batch_to_db(df, db_conf=db_conf, threshold=threshold)
  File "/opt/airflow/project/scripts/load_data.py", line 100, in load_batch_to_db
    cursor.executemany(
  File "/home/airflow/.local/lib/python3.10/site-packages/mysql/connector/cursor_cext.py", line 455, in executemany
    return self.execute(stmt)
  File "/home/airflow/.local/lib/python3.10/site-packages/mysql/connector/cursor_cext.py", line 330, in execute
    result = self._cnx.cmd_query(
  File "/home/airflow/.local/lib/python3.10/site-packages/mysql/connector/opentelemetry/context_propagation.py", line 86, in wrapper
    result = method(cnx, *args, **kwargs)
  File "/home/airflow/.local/lib/python3.10/site-packages/mysql/connector/connection_cext.py", line 641, in cmd_query
    raise get_mysql_exception(
mysql.connector.errors.ProgrammingError: 1054 (42S22): Unknown column 'predicted_sentiment' in 'field list'
[2025-11-14T12:05:36.286+0000] {taskinstance.py:1225} INFO - Marking task as FAILED. dag_id=sentiment_reviews_etl_batches, task_id=load_data_task, run_id=manual__2025-11-14T11:58:27.582167+00:00, execution_date=20251114T115827, start_date=20251114T120535, end_date=20251114T120536
[2025-11-14T12:05:36.289+0000] {taskinstance.py:1563} INFO - Executing callback at index 0: notify_failure
[2025-11-14T12:05:36.309+0000] {warnings.py:109} WARNING - /home/***/.local/lib/python3.10/site-packages/***/utils/email.py:155: RemovedInAirflow3Warning: Fetching SMTP credentials from configuration variables will be deprecated in a future release. Please set credentials using a connection instead.
  send_mime_email(e_from=mail_from, e_to=recipients, mime_msg=msg, conn_id=conn_id, dryrun=dryrun)

[2025-11-14T12:05:36.312+0000] {configuration.py:1058} WARNING - section/key [smtp/smtp_user] not found in config
[2025-11-14T12:05:36.313+0000] {email.py:272} INFO - Email alerting: attempt 1
[2025-11-14T12:05:36.316+0000] {taskinstance.py:1567} ERROR - Error in callback at index 0: notify_failure
Traceback (most recent call last):
  File "/home/airflow/.local/lib/python3.10/site-packages/mysql/connector/connection_cext.py", line 633, in cmd_query
    self._cmysql.query(
_mysql_connector.MySQLInterfaceError: Unknown column 'predicted_sentiment' in 'field list'

The above exception was the direct cause of the following exception:

Traceback (most recent call last):
  File "/home/airflow/.local/lib/python3.10/site-packages/airflow/models/taskinstance.py", line 273, in _run_raw_task
    TaskInstance._execute_task_with_callbacks(
  File "/home/airflow/.local/lib/python3.10/site-packages/airflow/models/taskinstance.py", line 3158, in _execute_task_with_callbacks
    result = self._execute_task(context, task_orig)
  File "/home/airflow/.local/lib/python3.10/site-packages/airflow/models/taskinstance.py", line 3182, in _execute_task
    return _execute_task(self, context, task_orig)
  File "/home/airflow/.local/lib/python3.10/site-packages/airflow/models/taskinstance.py", line 767, in _execute_task
    result = _execute_callable(context=context, **execute_callable_kwargs)
  File "/home/airflow/.local/lib/python3.10/site-packages/airflow/models/taskinstance.py", line 733, in _execute_callable
    return ExecutionCallableRunner(
  File "/home/airflow/.local/lib/python3.10/site-packages/airflow/utils/operator_helpers.py", line 252, in run
    return self.func(*args, **kwargs)
  File "/home/airflow/.local/lib/python3.10/site-packages/airflow/models/baseoperator.py", line 406, in wrapper
    return func(self, *args, **kwargs)
  File "/home/airflow/.local/lib/python3.10/site-packages/airflow/operators/python.py", line 238, in execute
    return_value = self.execute_callable()
  File "/home/airflow/.local/lib/python3.10/site-packages/airflow/operators/python.py", line 256, in execute_callable
    return runner.run(*self.op_args, **self.op_kwargs)
  File "/home/airflow/.local/lib/python3.10/site-packages/airflow/utils/operator_helpers.py", line 252, in run
    return self.func(*args, **kwargs)
  File "/opt/airflow/dags/sentiment_review_pipeline_dag.py", line 172, in load_task
    load_batch_to_db(df, db_conf=db_conf, threshold=threshold)
  File "/opt/airflow/project/scripts/load_data.py", line 100, in load_batch_to_db
    cursor.executemany(
  File "/home/airflow/.local/lib/python3.10/site-packages/mysql/connector/cursor_cext.py", line 455, in executemany
    return self.execute(stmt)
  File "/home/airflow/.local/lib/python3.10/site-packages/mysql/connector/cursor_cext.py", line 330, in execute
    result = self._cnx.cmd_query(
  File "/home/airflow/.local/lib/python3.10/site-packages/mysql/connector/opentelemetry/context_propagation.py", line 86, in wrapper
    result = method(cnx, *args, **kwargs)
  File "/home/airflow/.local/lib/python3.10/site-packages/mysql/connector/connection_cext.py", line 641, in cmd_query
    raise get_mysql_exception(
mysql.connector.errors.ProgrammingError: 1054 (42S22): Unknown column 'predicted_sentiment' in 'field list'

During handling of the above exception, another exception occurred:

Traceback (most recent call last):
  File "/home/airflow/.local/lib/python3.10/site-packages/airflow/models/taskinstance.py", line 1565, in _run_finished_callback
    callback(context)
  File "/opt/airflow/dags/sentiment_review_pipeline_dag.py", line 50, in notify_failure
    send_email_smtp(to=config.get("email_to", []), subject=subject, html_content=body)
  File "/home/airflow/.local/lib/python3.10/site-packages/airflow/utils/email.py", line 155, in send_email_smtp
    send_mime_email(e_from=mail_from, e_to=recipients, mime_msg=msg, conn_id=conn_id, dryrun=dryrun)
  File "/home/airflow/.local/lib/python3.10/site-packages/airflow/utils/email.py", line 274, in send_mime_email
    smtp_conn = _get_smtp_connection(smtp_host, smtp_port, smtp_timeout, smtp_ssl)
  File "/home/airflow/.local/lib/python3.10/site-packages/airflow/utils/email.py", line 318, in _get_smtp_connection
    return smtplib.SMTP(host=host, port=port, timeout=timeout)
  File "/usr/local/lib/python3.10/smtplib.py", line 255, in __init__
    (code, msg) = self.connect(host, port)
  File "/usr/local/lib/python3.10/smtplib.py", line 341, in connect
    self.sock = self._get_socket(host, port, self.timeout)
  File "/usr/local/lib/python3.10/smtplib.py", line 312, in _get_socket
    return socket.create_connection((host, port), timeout,
  File "/usr/local/lib/python3.10/socket.py", line 857, in create_connection
    raise err
  File "/usr/local/lib/python3.10/socket.py", line 845, in create_connection
    sock.connect(sa)
ConnectionRefusedError: [Errno 111] Connection refused
[2025-11-14T12:05:36.344+0000] {taskinstance.py:340} INFO - ::group::Post task execution logs
[2025-11-14T12:05:36.346+0000] {standard_task_runner.py:124} ERROR - Failed to execute job 186 for task load_data_task (1054 (42S22): Unknown column 'predicted_sentiment' in 'field list'; 562)
Traceback (most recent call last):
  File "/home/airflow/.local/lib/python3.10/site-packages/mysql/connector/connection_cext.py", line 633, in cmd_query
    self._cmysql.query(
_mysql_connector.MySQLInterfaceError: Unknown column 'predicted_sentiment' in 'field list'

The above exception was the direct cause of the following exception:

Traceback (most recent call last):
  File "/home/airflow/.local/lib/python3.10/site-packages/airflow/task/task_runner/standard_task_runner.py", line 117, in _start_by_fork
    ret = args.func(args, dag=self.dag)
  File "/home/airflow/.local/lib/python3.10/site-packages/airflow/cli/cli_config.py", line 49, in command
    return func(*args, **kwargs)
  File "/home/airflow/.local/lib/python3.10/site-packages/airflow/utils/cli.py", line 115, in wrapper
    return f(*args, **kwargs)
  File "/home/airflow/.local/lib/python3.10/site-packages/airflow/cli/commands/task_command.py", line 483, in task_run
    task_return_code = _run_task_by_selected_method(args, _dag, ti)
  File "/home/airflow/.local/lib/python3.10/site-packages/airflow/cli/commands/task_command.py", line 256, in _run_task_by_selected_method
    return _run_raw_task(args, ti)
  File "/home/airflow/.local/lib/python3.10/site-packages/airflow/cli/commands/task_command.py", line 341, in _run_raw_task
    return ti._run_raw_task(
  File "/home/airflow/.local/lib/python3.10/site-packages/airflow/utils/session.py", line 97, in wrapper
    return func(*args, session=session, **kwargs)
  File "/home/airflow/.local/lib/python3.10/site-packages/airflow/models/taskinstance.py", line 3004, in _run_raw_task
    return _run_raw_task(
  File "/home/airflow/.local/lib/python3.10/site-packages/airflow/models/taskinstance.py", line 273, in _run_raw_task
    TaskInstance._execute_task_with_callbacks(
  File "/home/airflow/.local/lib/python3.10/site-packages/airflow/models/taskinstance.py", line 3158, in _execute_task_with_callbacks
    result = self._execute_task(context, task_orig)
  File "/home/airflow/.local/lib/python3.10/site-packages/airflow/models/taskinstance.py", line 3182, in _execute_task
    return _execute_task(self, context, task_orig)
  File "/home/airflow/.local/lib/python3.10/site-packages/airflow/models/taskinstance.py", line 767, in _execute_task
    result = _execute_callable(context=context, **execute_callable_kwargs)
  File "/home/airflow/.local/lib/python3.10/site-packages/airflow/models/taskinstance.py", line 733, in _execute_callable
    return ExecutionCallableRunner(
  File "/home/airflow/.local/lib/python3.10/site-packages/airflow/utils/operator_helpers.py", line 252, in run
    return self.func(*args, **kwargs)
  File "/home/airflow/.local/lib/python3.10/site-packages/airflow/models/baseoperator.py", line 406, in wrapper
    return func(self, *args, **kwargs)
  File "/home/airflow/.local/lib/python3.10/site-packages/airflow/operators/python.py", line 238, in execute
    return_value = self.execute_callable()
  File "/home/airflow/.local/lib/python3.10/site-packages/airflow/operators/python.py", line 256, in execute_callable
    return runner.run(*self.op_args, **self.op_kwargs)
  File "/home/airflow/.local/lib/python3.10/site-packages/airflow/utils/operator_helpers.py", line 252, in run
    return self.func(*args, **kwargs)
  File "/opt/airflow/dags/sentiment_review_pipeline_dag.py", line 172, in load_task
    load_batch_to_db(df, db_conf=db_conf, threshold=threshold)
  File "/opt/airflow/project/scripts/load_data.py", line 100, in load_batch_to_db
    cursor.executemany(
  File "/home/airflow/.local/lib/python3.10/site-packages/mysql/connector/cursor_cext.py", line 455, in executemany
    return self.execute(stmt)
  File "/home/airflow/.local/lib/python3.10/site-packages/mysql/connector/cursor_cext.py", line 330, in execute
    result = self._cnx.cmd_query(
  File "/home/airflow/.local/lib/python3.10/site-packages/mysql/connector/opentelemetry/context_propagation.py", line 86, in wrapper
    result = method(cnx, *args, **kwargs)
  File "/home/airflow/.local/lib/python3.10/site-packages/mysql/connector/connection_cext.py", line 641, in cmd_query
    raise get_mysql_exception(
mysql.connector.errors.ProgrammingError: 1054 (42S22): Unknown column 'predicted_sentiment' in 'field list'
[2025-11-14T12:05:36.398+0000] {local_task_job_runner.py:266} INFO - Task exited with return code 1
[2025-11-14T12:05:36.433+0000] {taskinstance.py:3900} INFO - 0 downstream tasks scheduled from follow-on schedule check
[2025-11-14T12:05:36.441+0000] {local_task_job_runner.py:245} INFO - ::endgroup::
