[2025-11-14T09:58:32.970+0000] {local_task_job_runner.py:123} INFO - ::group::Pre task execution logs
[2025-11-14T09:58:32.990+0000] {taskinstance.py:2612} INFO - Dependencies all met for dep_context=non-requeueable deps ti=<TaskInstance: sentiment_reviews_etl_batches.load_alerts_task manual__2025-11-14T09:58:06.580952+00:00 [queued]>
[2025-11-14T09:58:33.003+0000] {taskinstance.py:2612} INFO - Dependencies all met for dep_context=requeueable deps ti=<TaskInstance: sentiment_reviews_etl_batches.load_alerts_task manual__2025-11-14T09:58:06.580952+00:00 [queued]>
[2025-11-14T09:58:33.005+0000] {taskinstance.py:2865} INFO - Starting attempt 1 of 2
[2025-11-14T09:58:33.023+0000] {taskinstance.py:2888} INFO - Executing <Task(PythonOperator): load_alerts_task> on 2025-11-14 09:58:06.580952+00:00
[2025-11-14T09:58:33.036+0000] {standard_task_runner.py:72} INFO - Started process 1314 to run task
[2025-11-14T09:58:33.044+0000] {standard_task_runner.py:104} INFO - Running: ['***', 'tasks', 'run', 'sentiment_reviews_etl_batches', 'load_alerts_task', 'manual__2025-11-14T09:58:06.580952+00:00', '--job-id', '121', '--raw', '--subdir', 'DAGS_FOLDER/sentiment_review_pipeline_dag.py', '--cfg-path', '/tmp/tmp3uvih72_']
[2025-11-14T09:58:33.050+0000] {standard_task_runner.py:105} INFO - Job 121: Subtask load_alerts_task
[2025-11-14T09:58:33.114+0000] {task_command.py:467} INFO - Running <TaskInstance: sentiment_reviews_etl_batches.load_alerts_task manual__2025-11-14T09:58:06.580952+00:00 [running]> on host 76ee26759cb5
[2025-11-14T09:58:33.199+0000] {taskinstance.py:3131} INFO - Exporting env vars: AIRFLOW_CTX_DAG_OWNER='***' AIRFLOW_CTX_DAG_ID='sentiment_reviews_etl_batches' AIRFLOW_CTX_TASK_ID='load_alerts_task' AIRFLOW_CTX_EXECUTION_DATE='2025-11-14T09:58:06.580952+00:00' AIRFLOW_CTX_TRY_NUMBER='1' AIRFLOW_CTX_DAG_RUN_ID='manual__2025-11-14T09:58:06.580952+00:00'
[2025-11-14T09:58:33.202+0000] {taskinstance.py:731} INFO - ::endgroup::
[2025-11-14T09:58:33.385+0000] {log.py:232} WARNING - 2025-11-14 09:58:33 | INFO | alert_logger | Connected to database successfully
[2025-11-14T09:58:33.384+0000] {alert_system.py:43} INFO - Connected to database successfully
[2025-11-14T09:58:33.393+0000] {log.py:232} WARNING - 2025-11-14 09:58:33 | INFO | alert_logger | Notifications updated successfully
[2025-11-14T09:58:33.392+0000] {alert_system.py:99} INFO - Notifications updated successfully
[2025-11-14T09:58:33.400+0000] {log.py:232} WARNING - 2025-11-14 09:58:33 | ERROR | alert_logger | Alert generation failed: 1054 (42S22): Unknown column 'alert_message' in 'field list'
[2025-11-14T09:58:33.399+0000] {alert_system.py:118} ERROR - Alert generation failed: 1054 (42S22): Unknown column 'alert_message' in 'field list'
[2025-11-14T09:58:33.410+0000] {alert_system.py:119} DEBUG - Traceback (most recent call last):
  File "/home/***/.local/lib/python3.10/site-packages/mysql/connector/connection_cext.py", line 633, in cmd_query
    self._cmysql.query(
_mysql_connector.MySQLInterfaceError: Unknown column 'alert_message' in 'field list'

The above exception was the direct cause of the following exception:

Traceback (most recent call last):
  File "/opt/***/project/scripts/alert_system.py", line 102, in load_district_negative_alerts
    cursor.execute(
  File "/home/***/.local/lib/python3.10/site-packages/mysql/connector/cursor_cext.py", line 330, in execute
    result = self._cnx.cmd_query(
  File "/home/***/.local/lib/python3.10/site-packages/mysql/connector/opentelemetry/context_propagation.py", line 86, in wrapper
    result = method(cnx, *args, **kwargs)
  File "/home/***/.local/lib/python3.10/site-packages/mysql/connector/connection_cext.py", line 641, in cmd_query
    raise get_mysql_exception(
mysql.connector.errors.ProgrammingError: 1054 (42S22): Unknown column 'alert_message' in 'field list'

[2025-11-14T09:58:33.414+0000] {log.py:232} WARNING - 2025-11-14 09:58:33 | INFO | alert_logger | Database connection closed
[2025-11-14T09:58:33.414+0000] {alert_system.py:130} INFO - Database connection closed
[2025-11-14T09:58:33.417+0000] {taskinstance.py:3310} ERROR - Task failed with exception
Traceback (most recent call last):
  File "/home/airflow/.local/lib/python3.10/site-packages/mysql/connector/connection_cext.py", line 633, in cmd_query
    self._cmysql.query(
_mysql_connector.MySQLInterfaceError: Unknown column 'alert_message' in 'field list'

The above exception was the direct cause of the following exception:

Traceback (most recent call last):
  File "/home/airflow/.local/lib/python3.10/site-packages/airflow/models/taskinstance.py", line 767, in _execute_task
    result = _execute_callable(context=context, **execute_callable_kwargs)
  File "/home/airflow/.local/lib/python3.10/site-packages/airflow/models/taskinstance.py", line 733, in _execute_callable
    return ExecutionCallableRunner(
  File "/home/airflow/.local/lib/python3.10/site-packages/airflow/utils/operator_helpers.py", line 252, in run
    return self.func(*args, **kwargs)
  File "/home/airflow/.local/lib/python3.10/site-packages/airflow/models/baseoperator.py", line 406, in wrapper
    return func(self, *args, **kwargs)
  File "/home/airflow/.local/lib/python3.10/site-packages/airflow/operators/python.py", line 238, in execute
    return_value = self.execute_callable()
  File "/home/airflow/.local/lib/python3.10/site-packages/airflow/operators/python.py", line 256, in execute_callable
    return runner.run(*self.op_args, **self.op_kwargs)
  File "/home/airflow/.local/lib/python3.10/site-packages/airflow/utils/operator_helpers.py", line 252, in run
    return self.func(*args, **kwargs)
  File "/opt/airflow/dags/sentiment_review_pipeline_dag.py", line 177, in load_alerts_task
    alerts = load_district_negative_alerts(CONFIG_PATH)
  File "/opt/airflow/project/scripts/alert_system.py", line 102, in load_district_negative_alerts
    cursor.execute(
  File "/home/airflow/.local/lib/python3.10/site-packages/mysql/connector/cursor_cext.py", line 330, in execute
    result = self._cnx.cmd_query(
  File "/home/airflow/.local/lib/python3.10/site-packages/mysql/connector/opentelemetry/context_propagation.py", line 86, in wrapper
    result = method(cnx, *args, **kwargs)
  File "/home/airflow/.local/lib/python3.10/site-packages/mysql/connector/connection_cext.py", line 641, in cmd_query
    raise get_mysql_exception(
mysql.connector.errors.ProgrammingError: 1054 (42S22): Unknown column 'alert_message' in 'field list'
[2025-11-14T09:58:33.439+0000] {taskinstance.py:1225} INFO - Marking task as UP_FOR_RETRY. dag_id=sentiment_reviews_etl_batches, task_id=load_alerts_task, run_id=manual__2025-11-14T09:58:06.580952+00:00, execution_date=20251114T095806, start_date=20251114T095832, end_date=20251114T095833
[2025-11-14T09:58:33.462+0000] {taskinstance.py:340} INFO - ::group::Post task execution logs
[2025-11-14T09:58:33.463+0000] {standard_task_runner.py:124} ERROR - Failed to execute job 121 for task load_alerts_task (1054 (42S22): Unknown column 'alert_message' in 'field list'; 1314)
Traceback (most recent call last):
  File "/home/airflow/.local/lib/python3.10/site-packages/mysql/connector/connection_cext.py", line 633, in cmd_query
    self._cmysql.query(
_mysql_connector.MySQLInterfaceError: Unknown column 'alert_message' in 'field list'

The above exception was the direct cause of the following exception:

Traceback (most recent call last):
  File "/home/airflow/.local/lib/python3.10/site-packages/airflow/task/task_runner/standard_task_runner.py", line 117, in _start_by_fork
    ret = args.func(args, dag=self.dag)
  File "/home/airflow/.local/lib/python3.10/site-packages/airflow/cli/cli_config.py", line 49, in command
    return func(*args, **kwargs)
  File "/home/airflow/.local/lib/python3.10/site-packages/airflow/utils/cli.py", line 115, in wrapper
    return f(*args, **kwargs)
  File "/home/airflow/.local/lib/python3.10/site-packages/airflow/cli/commands/task_command.py", line 483, in task_run
    task_return_code = _run_task_by_selected_method(args, _dag, ti)
  File "/home/airflow/.local/lib/python3.10/site-packages/airflow/cli/commands/task_command.py", line 256, in _run_task_by_selected_method
    return _run_raw_task(args, ti)
  File "/home/airflow/.local/lib/python3.10/site-packages/airflow/cli/commands/task_command.py", line 341, in _run_raw_task
    return ti._run_raw_task(
  File "/home/airflow/.local/lib/python3.10/site-packages/airflow/utils/session.py", line 97, in wrapper
    return func(*args, session=session, **kwargs)
  File "/home/airflow/.local/lib/python3.10/site-packages/airflow/models/taskinstance.py", line 3004, in _run_raw_task
    return _run_raw_task(
  File "/home/airflow/.local/lib/python3.10/site-packages/airflow/models/taskinstance.py", line 273, in _run_raw_task
    TaskInstance._execute_task_with_callbacks(
  File "/home/airflow/.local/lib/python3.10/site-packages/airflow/models/taskinstance.py", line 3158, in _execute_task_with_callbacks
    result = self._execute_task(context, task_orig)
  File "/home/airflow/.local/lib/python3.10/site-packages/airflow/models/taskinstance.py", line 3182, in _execute_task
    return _execute_task(self, context, task_orig)
  File "/home/airflow/.local/lib/python3.10/site-packages/airflow/models/taskinstance.py", line 767, in _execute_task
    result = _execute_callable(context=context, **execute_callable_kwargs)
  File "/home/airflow/.local/lib/python3.10/site-packages/airflow/models/taskinstance.py", line 733, in _execute_callable
    return ExecutionCallableRunner(
  File "/home/airflow/.local/lib/python3.10/site-packages/airflow/utils/operator_helpers.py", line 252, in run
    return self.func(*args, **kwargs)
  File "/home/airflow/.local/lib/python3.10/site-packages/airflow/models/baseoperator.py", line 406, in wrapper
    return func(self, *args, **kwargs)
  File "/home/airflow/.local/lib/python3.10/site-packages/airflow/operators/python.py", line 238, in execute
    return_value = self.execute_callable()
  File "/home/airflow/.local/lib/python3.10/site-packages/airflow/operators/python.py", line 256, in execute_callable
    return runner.run(*self.op_args, **self.op_kwargs)
  File "/home/airflow/.local/lib/python3.10/site-packages/airflow/utils/operator_helpers.py", line 252, in run
    return self.func(*args, **kwargs)
  File "/opt/airflow/dags/sentiment_review_pipeline_dag.py", line 177, in load_alerts_task
    alerts = load_district_negative_alerts(CONFIG_PATH)
  File "/opt/airflow/project/scripts/alert_system.py", line 102, in load_district_negative_alerts
    cursor.execute(
  File "/home/airflow/.local/lib/python3.10/site-packages/mysql/connector/cursor_cext.py", line 330, in execute
    result = self._cnx.cmd_query(
  File "/home/airflow/.local/lib/python3.10/site-packages/mysql/connector/opentelemetry/context_propagation.py", line 86, in wrapper
    result = method(cnx, *args, **kwargs)
  File "/home/airflow/.local/lib/python3.10/site-packages/mysql/connector/connection_cext.py", line 641, in cmd_query
    raise get_mysql_exception(
mysql.connector.errors.ProgrammingError: 1054 (42S22): Unknown column 'alert_message' in 'field list'
[2025-11-14T09:58:33.498+0000] {local_task_job_runner.py:266} INFO - Task exited with return code 1
[2025-11-14T09:58:33.538+0000] {taskinstance.py:3900} INFO - 0 downstream tasks scheduled from follow-on schedule check
[2025-11-14T09:58:33.541+0000] {local_task_job_runner.py:245} INFO - ::endgroup::
