[2025-11-14T09:30:27.476+0000] {local_task_job_runner.py:123} INFO - ::group::Pre task execution logs
[2025-11-14T09:30:27.495+0000] {taskinstance.py:2612} INFO - Dependencies all met for dep_context=non-requeueable deps ti=<TaskInstance: sentiment_reviews_etl_batches.predict_sentiment_batch_task manual__2025-11-14T09:20:00.356389+00:00 [queued]>
[2025-11-14T09:30:27.505+0000] {taskinstance.py:2612} INFO - Dependencies all met for dep_context=requeueable deps ti=<TaskInstance: sentiment_reviews_etl_batches.predict_sentiment_batch_task manual__2025-11-14T09:20:00.356389+00:00 [queued]>
[2025-11-14T09:30:27.507+0000] {taskinstance.py:2865} INFO - Starting attempt 2 of 2
[2025-11-14T09:30:27.523+0000] {taskinstance.py:2888} INFO - Executing <Task(PythonOperator): predict_sentiment_batch_task> on 2025-11-14 09:20:00.356389+00:00
[2025-11-14T09:30:27.535+0000] {standard_task_runner.py:72} INFO - Started process 645 to run task
[2025-11-14T09:30:27.541+0000] {standard_task_runner.py:104} INFO - Running: ['***', 'tasks', 'run', 'sentiment_reviews_etl_batches', 'predict_sentiment_batch_task', 'manual__2025-11-14T09:20:00.356389+00:00', '--job-id', '84', '--raw', '--subdir', 'DAGS_FOLDER/sentiment_review_pipeline_dag.py', '--cfg-path', '/tmp/tmpdweyry5f']
[2025-11-14T09:30:27.547+0000] {standard_task_runner.py:105} INFO - Job 84: Subtask predict_sentiment_batch_task
[2025-11-14T09:30:27.636+0000] {task_command.py:467} INFO - Running <TaskInstance: sentiment_reviews_etl_batches.predict_sentiment_batch_task manual__2025-11-14T09:20:00.356389+00:00 [running]> on host 76ee26759cb5
[2025-11-14T09:30:27.732+0000] {taskinstance.py:3131} INFO - Exporting env vars: AIRFLOW_CTX_DAG_OWNER='***' AIRFLOW_CTX_DAG_ID='sentiment_reviews_etl_batches' AIRFLOW_CTX_TASK_ID='predict_sentiment_batch_task' AIRFLOW_CTX_EXECUTION_DATE='2025-11-14T09:20:00.356389+00:00' AIRFLOW_CTX_TRY_NUMBER='2' AIRFLOW_CTX_DAG_RUN_ID='manual__2025-11-14T09:20:00.356389+00:00'
[2025-11-14T09:30:27.734+0000] {taskinstance.py:731} INFO - ::endgroup::
[2025-11-14T09:30:27.828+0000] {logging_mixin.py:190} INFO - Predicting batch 0...
[2025-11-14T09:30:32.304+0000] {log.py:232} WARNING - 2025-11-14 09:30:32 | ERROR | predict_sentiment_batches | Error in predicting batch 0: local variable 'df_batch' referenced before assignment
Traceback (most recent call last):
  File "/opt/***/project/scripts/model_utilies.py", line 36, in predict_sentiment_batch
    df_batch = df_batch.dropna(subset=["review"])
UnboundLocalError: local variable 'df_batch' referenced before assignment
[2025-11-14T09:30:32.302+0000] {model_utilies.py:65} ERROR - Error in predicting batch 0: local variable 'df_batch' referenced before assignment
Traceback (most recent call last):
  File "/opt/airflow/project/scripts/model_utilies.py", line 36, in predict_sentiment_batch
    df_batch = df_batch.dropna(subset=["review"])
UnboundLocalError: local variable 'df_batch' referenced before assignment
[2025-11-14T09:30:32.307+0000] {taskinstance.py:3310} ERROR - Task failed with exception
Traceback (most recent call last):
  File "/home/airflow/.local/lib/python3.10/site-packages/airflow/models/taskinstance.py", line 767, in _execute_task
    result = _execute_callable(context=context, **execute_callable_kwargs)
  File "/home/airflow/.local/lib/python3.10/site-packages/airflow/models/taskinstance.py", line 733, in _execute_callable
    return ExecutionCallableRunner(
  File "/home/airflow/.local/lib/python3.10/site-packages/airflow/utils/operator_helpers.py", line 252, in run
    return self.func(*args, **kwargs)
  File "/home/airflow/.local/lib/python3.10/site-packages/airflow/models/baseoperator.py", line 406, in wrapper
    return func(self, *args, **kwargs)
  File "/home/airflow/.local/lib/python3.10/site-packages/airflow/operators/python.py", line 238, in execute
    return_value = self.execute_callable()
  File "/home/airflow/.local/lib/python3.10/site-packages/airflow/operators/python.py", line 256, in execute_callable
    return runner.run(*self.op_args, **self.op_kwargs)
  File "/home/airflow/.local/lib/python3.10/site-packages/airflow/utils/operator_helpers.py", line 252, in run
    return self.func(*args, **kwargs)
  File "/opt/airflow/dags/sentiment_review_pipeline_dag.py", line 138, in predict_batch_task
    predict_sentiment_batch(
  File "/opt/airflow/project/scripts/model_utilies.py", line 36, in predict_sentiment_batch
    df_batch = df_batch.dropna(subset=["review"])
UnboundLocalError: local variable 'df_batch' referenced before assignment
[2025-11-14T09:30:32.318+0000] {taskinstance.py:1225} INFO - Marking task as FAILED. dag_id=sentiment_reviews_etl_batches, task_id=predict_sentiment_batch_task, run_id=manual__2025-11-14T09:20:00.356389+00:00, execution_date=20251114T092000, start_date=20251114T093027, end_date=20251114T093032
[2025-11-14T09:30:32.319+0000] {taskinstance.py:1563} INFO - Executing callback at index 0: notify_failure
[2025-11-14T09:30:32.331+0000] {warnings.py:109} WARNING - /home/***/.local/lib/python3.10/site-packages/***/utils/email.py:155: RemovedInAirflow3Warning: Fetching SMTP credentials from configuration variables will be deprecated in a future release. Please set credentials using a connection instead.
  send_mime_email(e_from=mail_from, e_to=recipients, mime_msg=msg, conn_id=conn_id, dryrun=dryrun)

[2025-11-14T09:30:32.333+0000] {configuration.py:1058} WARNING - section/key [smtp/smtp_user] not found in config
[2025-11-14T09:30:32.334+0000] {email.py:272} INFO - Email alerting: attempt 1
[2025-11-14T09:30:32.336+0000] {taskinstance.py:1567} ERROR - Error in callback at index 0: notify_failure
Traceback (most recent call last):
  File "/home/airflow/.local/lib/python3.10/site-packages/airflow/models/taskinstance.py", line 273, in _run_raw_task
    TaskInstance._execute_task_with_callbacks(
  File "/home/airflow/.local/lib/python3.10/site-packages/airflow/models/taskinstance.py", line 3158, in _execute_task_with_callbacks
    result = self._execute_task(context, task_orig)
  File "/home/airflow/.local/lib/python3.10/site-packages/airflow/models/taskinstance.py", line 3182, in _execute_task
    return _execute_task(self, context, task_orig)
  File "/home/airflow/.local/lib/python3.10/site-packages/airflow/models/taskinstance.py", line 767, in _execute_task
    result = _execute_callable(context=context, **execute_callable_kwargs)
  File "/home/airflow/.local/lib/python3.10/site-packages/airflow/models/taskinstance.py", line 733, in _execute_callable
    return ExecutionCallableRunner(
  File "/home/airflow/.local/lib/python3.10/site-packages/airflow/utils/operator_helpers.py", line 252, in run
    return self.func(*args, **kwargs)
  File "/home/airflow/.local/lib/python3.10/site-packages/airflow/models/baseoperator.py", line 406, in wrapper
    return func(self, *args, **kwargs)
  File "/home/airflow/.local/lib/python3.10/site-packages/airflow/operators/python.py", line 238, in execute
    return_value = self.execute_callable()
  File "/home/airflow/.local/lib/python3.10/site-packages/airflow/operators/python.py", line 256, in execute_callable
    return runner.run(*self.op_args, **self.op_kwargs)
  File "/home/airflow/.local/lib/python3.10/site-packages/airflow/utils/operator_helpers.py", line 252, in run
    return self.func(*args, **kwargs)
  File "/opt/airflow/dags/sentiment_review_pipeline_dag.py", line 138, in predict_batch_task
    predict_sentiment_batch(
  File "/opt/airflow/project/scripts/model_utilies.py", line 36, in predict_sentiment_batch
    df_batch = df_batch.dropna(subset=["review"])
UnboundLocalError: local variable 'df_batch' referenced before assignment

During handling of the above exception, another exception occurred:

Traceback (most recent call last):
  File "/home/airflow/.local/lib/python3.10/site-packages/airflow/models/taskinstance.py", line 1565, in _run_finished_callback
    callback(context)
  File "/opt/airflow/dags/sentiment_review_pipeline_dag.py", line 49, in notify_failure
    send_email_smtp(to=config.get("email_to", []), subject=subject, html_content=body)
  File "/home/airflow/.local/lib/python3.10/site-packages/airflow/utils/email.py", line 155, in send_email_smtp
    send_mime_email(e_from=mail_from, e_to=recipients, mime_msg=msg, conn_id=conn_id, dryrun=dryrun)
  File "/home/airflow/.local/lib/python3.10/site-packages/airflow/utils/email.py", line 274, in send_mime_email
    smtp_conn = _get_smtp_connection(smtp_host, smtp_port, smtp_timeout, smtp_ssl)
  File "/home/airflow/.local/lib/python3.10/site-packages/airflow/utils/email.py", line 318, in _get_smtp_connection
    return smtplib.SMTP(host=host, port=port, timeout=timeout)
  File "/usr/local/lib/python3.10/smtplib.py", line 255, in __init__
    (code, msg) = self.connect(host, port)
  File "/usr/local/lib/python3.10/smtplib.py", line 341, in connect
    self.sock = self._get_socket(host, port, self.timeout)
  File "/usr/local/lib/python3.10/smtplib.py", line 312, in _get_socket
    return socket.create_connection((host, port), timeout,
  File "/usr/local/lib/python3.10/socket.py", line 857, in create_connection
    raise err
  File "/usr/local/lib/python3.10/socket.py", line 845, in create_connection
    sock.connect(sa)
ConnectionRefusedError: [Errno 111] Connection refused
[2025-11-14T09:30:32.353+0000] {taskinstance.py:340} INFO - ::group::Post task execution logs
[2025-11-14T09:30:32.355+0000] {standard_task_runner.py:124} ERROR - Failed to execute job 84 for task predict_sentiment_batch_task (local variable 'df_batch' referenced before assignment; 645)
Traceback (most recent call last):
  File "/home/airflow/.local/lib/python3.10/site-packages/airflow/task/task_runner/standard_task_runner.py", line 117, in _start_by_fork
    ret = args.func(args, dag=self.dag)
  File "/home/airflow/.local/lib/python3.10/site-packages/airflow/cli/cli_config.py", line 49, in command
    return func(*args, **kwargs)
  File "/home/airflow/.local/lib/python3.10/site-packages/airflow/utils/cli.py", line 115, in wrapper
    return f(*args, **kwargs)
  File "/home/airflow/.local/lib/python3.10/site-packages/airflow/cli/commands/task_command.py", line 483, in task_run
    task_return_code = _run_task_by_selected_method(args, _dag, ti)
  File "/home/airflow/.local/lib/python3.10/site-packages/airflow/cli/commands/task_command.py", line 256, in _run_task_by_selected_method
    return _run_raw_task(args, ti)
  File "/home/airflow/.local/lib/python3.10/site-packages/airflow/cli/commands/task_command.py", line 341, in _run_raw_task
    return ti._run_raw_task(
  File "/home/airflow/.local/lib/python3.10/site-packages/airflow/utils/session.py", line 97, in wrapper
    return func(*args, session=session, **kwargs)
  File "/home/airflow/.local/lib/python3.10/site-packages/airflow/models/taskinstance.py", line 3004, in _run_raw_task
    return _run_raw_task(
  File "/home/airflow/.local/lib/python3.10/site-packages/airflow/models/taskinstance.py", line 273, in _run_raw_task
    TaskInstance._execute_task_with_callbacks(
  File "/home/airflow/.local/lib/python3.10/site-packages/airflow/models/taskinstance.py", line 3158, in _execute_task_with_callbacks
    result = self._execute_task(context, task_orig)
  File "/home/airflow/.local/lib/python3.10/site-packages/airflow/models/taskinstance.py", line 3182, in _execute_task
    return _execute_task(self, context, task_orig)
  File "/home/airflow/.local/lib/python3.10/site-packages/airflow/models/taskinstance.py", line 767, in _execute_task
    result = _execute_callable(context=context, **execute_callable_kwargs)
  File "/home/airflow/.local/lib/python3.10/site-packages/airflow/models/taskinstance.py", line 733, in _execute_callable
    return ExecutionCallableRunner(
  File "/home/airflow/.local/lib/python3.10/site-packages/airflow/utils/operator_helpers.py", line 252, in run
    return self.func(*args, **kwargs)
  File "/home/airflow/.local/lib/python3.10/site-packages/airflow/models/baseoperator.py", line 406, in wrapper
    return func(self, *args, **kwargs)
  File "/home/airflow/.local/lib/python3.10/site-packages/airflow/operators/python.py", line 238, in execute
    return_value = self.execute_callable()
  File "/home/airflow/.local/lib/python3.10/site-packages/airflow/operators/python.py", line 256, in execute_callable
    return runner.run(*self.op_args, **self.op_kwargs)
  File "/home/airflow/.local/lib/python3.10/site-packages/airflow/utils/operator_helpers.py", line 252, in run
    return self.func(*args, **kwargs)
  File "/opt/airflow/dags/sentiment_review_pipeline_dag.py", line 138, in predict_batch_task
    predict_sentiment_batch(
  File "/opt/airflow/project/scripts/model_utilies.py", line 36, in predict_sentiment_batch
    df_batch = df_batch.dropna(subset=["review"])
UnboundLocalError: local variable 'df_batch' referenced before assignment
[2025-11-14T09:30:32.451+0000] {local_task_job_runner.py:266} INFO - Task exited with return code 1
[2025-11-14T09:30:32.481+0000] {taskinstance.py:3900} INFO - 0 downstream tasks scheduled from follow-on schedule check
[2025-11-14T09:30:32.489+0000] {local_task_job_runner.py:245} INFO - ::endgroup::
