[2025-11-14T09:25:19.048+0000] {local_task_job_runner.py:123} INFO - ::group::Pre task execution logs
[2025-11-14T09:25:19.065+0000] {taskinstance.py:2612} INFO - Dependencies all met for dep_context=non-requeueable deps ti=<TaskInstance: sentiment_reviews_etl_batches.predict_sentiment_batch_task manual__2025-11-14T09:20:00.356389+00:00 [queued]>
[2025-11-14T09:25:19.074+0000] {taskinstance.py:2612} INFO - Dependencies all met for dep_context=requeueable deps ti=<TaskInstance: sentiment_reviews_etl_batches.predict_sentiment_batch_task manual__2025-11-14T09:20:00.356389+00:00 [queued]>
[2025-11-14T09:25:19.076+0000] {taskinstance.py:2865} INFO - Starting attempt 1 of 2
[2025-11-14T09:25:19.091+0000] {taskinstance.py:2888} INFO - Executing <Task(PythonOperator): predict_sentiment_batch_task> on 2025-11-14 09:20:00.356389+00:00
[2025-11-14T09:25:19.100+0000] {standard_task_runner.py:72} INFO - Started process 490 to run task
[2025-11-14T09:25:19.108+0000] {standard_task_runner.py:104} INFO - Running: ['***', 'tasks', 'run', 'sentiment_reviews_etl_batches', 'predict_sentiment_batch_task', 'manual__2025-11-14T09:20:00.356389+00:00', '--job-id', '76', '--raw', '--subdir', 'DAGS_FOLDER/sentiment_review_pipeline_dag.py', '--cfg-path', '/tmp/tmpvoaosqks']
[2025-11-14T09:25:19.113+0000] {standard_task_runner.py:105} INFO - Job 76: Subtask predict_sentiment_batch_task
[2025-11-14T09:25:19.168+0000] {task_command.py:467} INFO - Running <TaskInstance: sentiment_reviews_etl_batches.predict_sentiment_batch_task manual__2025-11-14T09:20:00.356389+00:00 [running]> on host 76ee26759cb5
[2025-11-14T09:25:19.250+0000] {taskinstance.py:3131} INFO - Exporting env vars: AIRFLOW_CTX_DAG_OWNER='***' AIRFLOW_CTX_DAG_ID='sentiment_reviews_etl_batches' AIRFLOW_CTX_TASK_ID='predict_sentiment_batch_task' AIRFLOW_CTX_EXECUTION_DATE='2025-11-14T09:20:00.356389+00:00' AIRFLOW_CTX_TRY_NUMBER='1' AIRFLOW_CTX_DAG_RUN_ID='manual__2025-11-14T09:20:00.356389+00:00'
[2025-11-14T09:25:19.254+0000] {taskinstance.py:731} INFO - ::endgroup::
[2025-11-14T09:25:19.333+0000] {logging_mixin.py:190} INFO - Predicting batch 0...
[2025-11-14T09:25:23.580+0000] {log.py:232} WARNING - 2025-11-14 09:25:23 | ERROR | predict_sentiment_batches | Error in predicting batch 0: TextEncodeInput must be Union[TextInputSequence, Tuple[InputSequence, InputSequence]]
Traceback (most recent call last):
  File "/opt/***/project/scripts/model_utilies.py", line 36, in predict_sentiment_batch
    inputs = tokenizer(
  File "/home/***/.local/lib/python3.10/site-packages/transformers/tokenization_utils_base.py", line 2561, in __call__
    encodings = self._call_one(text=text, text_pair=text_pair, **all_kwargs)
  File "/home/***/.local/lib/python3.10/site-packages/transformers/tokenization_utils_base.py", line 2647, in _call_one
    return self.batch_encode_plus(
  File "/home/***/.local/lib/python3.10/site-packages/transformers/tokenization_utils_base.py", line 2838, in batch_encode_plus
    return self._batch_encode_plus(
  File "/home/***/.local/lib/python3.10/site-packages/transformers/tokenization_utils_fast.py", line 425, in _batch_encode_plus
    encodings = self._tokenizer.encode_batch(
TypeError: TextEncodeInput must be Union[TextInputSequence, Tuple[InputSequence, InputSequence]]
[2025-11-14T09:25:23.578+0000] {model_utilies.py:65} ERROR - Error in predicting batch 0: TextEncodeInput must be Union[TextInputSequence, Tuple[InputSequence, InputSequence]]
Traceback (most recent call last):
  File "/opt/airflow/project/scripts/model_utilies.py", line 36, in predict_sentiment_batch
    inputs = tokenizer(
  File "/home/airflow/.local/lib/python3.10/site-packages/transformers/tokenization_utils_base.py", line 2561, in __call__
    encodings = self._call_one(text=text, text_pair=text_pair, **all_kwargs)
  File "/home/airflow/.local/lib/python3.10/site-packages/transformers/tokenization_utils_base.py", line 2647, in _call_one
    return self.batch_encode_plus(
  File "/home/airflow/.local/lib/python3.10/site-packages/transformers/tokenization_utils_base.py", line 2838, in batch_encode_plus
    return self._batch_encode_plus(
  File "/home/airflow/.local/lib/python3.10/site-packages/transformers/tokenization_utils_fast.py", line 425, in _batch_encode_plus
    encodings = self._tokenizer.encode_batch(
TypeError: TextEncodeInput must be Union[TextInputSequence, Tuple[InputSequence, InputSequence]]
[2025-11-14T09:25:23.583+0000] {taskinstance.py:3310} ERROR - Task failed with exception
Traceback (most recent call last):
  File "/home/airflow/.local/lib/python3.10/site-packages/airflow/models/taskinstance.py", line 767, in _execute_task
    result = _execute_callable(context=context, **execute_callable_kwargs)
  File "/home/airflow/.local/lib/python3.10/site-packages/airflow/models/taskinstance.py", line 733, in _execute_callable
    return ExecutionCallableRunner(
  File "/home/airflow/.local/lib/python3.10/site-packages/airflow/utils/operator_helpers.py", line 252, in run
    return self.func(*args, **kwargs)
  File "/home/airflow/.local/lib/python3.10/site-packages/airflow/models/baseoperator.py", line 406, in wrapper
    return func(self, *args, **kwargs)
  File "/home/airflow/.local/lib/python3.10/site-packages/airflow/operators/python.py", line 238, in execute
    return_value = self.execute_callable()
  File "/home/airflow/.local/lib/python3.10/site-packages/airflow/operators/python.py", line 256, in execute_callable
    return runner.run(*self.op_args, **self.op_kwargs)
  File "/home/airflow/.local/lib/python3.10/site-packages/airflow/utils/operator_helpers.py", line 252, in run
    return self.func(*args, **kwargs)
  File "/opt/airflow/dags/sentiment_review_pipeline_dag.py", line 138, in predict_batch_task
    predict_sentiment_batch(
  File "/opt/airflow/project/scripts/model_utilies.py", line 36, in predict_sentiment_batch
    inputs = tokenizer(
  File "/home/airflow/.local/lib/python3.10/site-packages/transformers/tokenization_utils_base.py", line 2561, in __call__
    encodings = self._call_one(text=text, text_pair=text_pair, **all_kwargs)
  File "/home/airflow/.local/lib/python3.10/site-packages/transformers/tokenization_utils_base.py", line 2647, in _call_one
    return self.batch_encode_plus(
  File "/home/airflow/.local/lib/python3.10/site-packages/transformers/tokenization_utils_base.py", line 2838, in batch_encode_plus
    return self._batch_encode_plus(
  File "/home/airflow/.local/lib/python3.10/site-packages/transformers/tokenization_utils_fast.py", line 425, in _batch_encode_plus
    encodings = self._tokenizer.encode_batch(
TypeError: TextEncodeInput must be Union[TextInputSequence, Tuple[InputSequence, InputSequence]]
[2025-11-14T09:25:23.598+0000] {taskinstance.py:1225} INFO - Marking task as UP_FOR_RETRY. dag_id=sentiment_reviews_etl_batches, task_id=predict_sentiment_batch_task, run_id=manual__2025-11-14T09:20:00.356389+00:00, execution_date=20251114T092000, start_date=20251114T092519, end_date=20251114T092523
[2025-11-14T09:25:23.616+0000] {taskinstance.py:340} INFO - ::group::Post task execution logs
[2025-11-14T09:25:23.618+0000] {standard_task_runner.py:124} ERROR - Failed to execute job 76 for task predict_sentiment_batch_task (TextEncodeInput must be Union[TextInputSequence, Tuple[InputSequence, InputSequence]]; 490)
Traceback (most recent call last):
  File "/home/airflow/.local/lib/python3.10/site-packages/airflow/task/task_runner/standard_task_runner.py", line 117, in _start_by_fork
    ret = args.func(args, dag=self.dag)
  File "/home/airflow/.local/lib/python3.10/site-packages/airflow/cli/cli_config.py", line 49, in command
    return func(*args, **kwargs)
  File "/home/airflow/.local/lib/python3.10/site-packages/airflow/utils/cli.py", line 115, in wrapper
    return f(*args, **kwargs)
  File "/home/airflow/.local/lib/python3.10/site-packages/airflow/cli/commands/task_command.py", line 483, in task_run
    task_return_code = _run_task_by_selected_method(args, _dag, ti)
  File "/home/airflow/.local/lib/python3.10/site-packages/airflow/cli/commands/task_command.py", line 256, in _run_task_by_selected_method
    return _run_raw_task(args, ti)
  File "/home/airflow/.local/lib/python3.10/site-packages/airflow/cli/commands/task_command.py", line 341, in _run_raw_task
    return ti._run_raw_task(
  File "/home/airflow/.local/lib/python3.10/site-packages/airflow/utils/session.py", line 97, in wrapper
    return func(*args, session=session, **kwargs)
  File "/home/airflow/.local/lib/python3.10/site-packages/airflow/models/taskinstance.py", line 3004, in _run_raw_task
    return _run_raw_task(
  File "/home/airflow/.local/lib/python3.10/site-packages/airflow/models/taskinstance.py", line 273, in _run_raw_task
    TaskInstance._execute_task_with_callbacks(
  File "/home/airflow/.local/lib/python3.10/site-packages/airflow/models/taskinstance.py", line 3158, in _execute_task_with_callbacks
    result = self._execute_task(context, task_orig)
  File "/home/airflow/.local/lib/python3.10/site-packages/airflow/models/taskinstance.py", line 3182, in _execute_task
    return _execute_task(self, context, task_orig)
  File "/home/airflow/.local/lib/python3.10/site-packages/airflow/models/taskinstance.py", line 767, in _execute_task
    result = _execute_callable(context=context, **execute_callable_kwargs)
  File "/home/airflow/.local/lib/python3.10/site-packages/airflow/models/taskinstance.py", line 733, in _execute_callable
    return ExecutionCallableRunner(
  File "/home/airflow/.local/lib/python3.10/site-packages/airflow/utils/operator_helpers.py", line 252, in run
    return self.func(*args, **kwargs)
  File "/home/airflow/.local/lib/python3.10/site-packages/airflow/models/baseoperator.py", line 406, in wrapper
    return func(self, *args, **kwargs)
  File "/home/airflow/.local/lib/python3.10/site-packages/airflow/operators/python.py", line 238, in execute
    return_value = self.execute_callable()
  File "/home/airflow/.local/lib/python3.10/site-packages/airflow/operators/python.py", line 256, in execute_callable
    return runner.run(*self.op_args, **self.op_kwargs)
  File "/home/airflow/.local/lib/python3.10/site-packages/airflow/utils/operator_helpers.py", line 252, in run
    return self.func(*args, **kwargs)
  File "/opt/airflow/dags/sentiment_review_pipeline_dag.py", line 138, in predict_batch_task
    predict_sentiment_batch(
  File "/opt/airflow/project/scripts/model_utilies.py", line 36, in predict_sentiment_batch
    inputs = tokenizer(
  File "/home/airflow/.local/lib/python3.10/site-packages/transformers/tokenization_utils_base.py", line 2561, in __call__
    encodings = self._call_one(text=text, text_pair=text_pair, **all_kwargs)
  File "/home/airflow/.local/lib/python3.10/site-packages/transformers/tokenization_utils_base.py", line 2647, in _call_one
    return self.batch_encode_plus(
  File "/home/airflow/.local/lib/python3.10/site-packages/transformers/tokenization_utils_base.py", line 2838, in batch_encode_plus
    return self._batch_encode_plus(
  File "/home/airflow/.local/lib/python3.10/site-packages/transformers/tokenization_utils_fast.py", line 425, in _batch_encode_plus
    encodings = self._tokenizer.encode_batch(
TypeError: TextEncodeInput must be Union[TextInputSequence, Tuple[InputSequence, InputSequence]]
[2025-11-14T09:25:23.736+0000] {local_task_job_runner.py:266} INFO - Task exited with return code 1
[2025-11-14T09:25:23.775+0000] {taskinstance.py:3900} INFO - 0 downstream tasks scheduled from follow-on schedule check
[2025-11-14T09:25:23.780+0000] {local_task_job_runner.py:245} INFO - ::endgroup::
