[2025-11-14T09:20:10.807+0000] {local_task_job_runner.py:123} INFO - ::group::Pre task execution logs
[2025-11-14T09:20:10.833+0000] {taskinstance.py:2612} INFO - Dependencies all met for dep_context=non-requeueable deps ti=<TaskInstance: sentiment_reviews_etl_batches.transform_data_task manual__2025-11-14T09:20:00.356389+00:00 [queued]>
[2025-11-14T09:20:10.849+0000] {taskinstance.py:2612} INFO - Dependencies all met for dep_context=requeueable deps ti=<TaskInstance: sentiment_reviews_etl_batches.transform_data_task manual__2025-11-14T09:20:00.356389+00:00 [queued]>
[2025-11-14T09:20:10.851+0000] {taskinstance.py:2865} INFO - Starting attempt 1 of 2
[2025-11-14T09:20:10.873+0000] {taskinstance.py:2888} INFO - Executing <Task(PythonOperator): transform_data_task> on 2025-11-14 09:20:00.356389+00:00
[2025-11-14T09:20:10.890+0000] {standard_task_runner.py:72} INFO - Started process 373 to run task
[2025-11-14T09:20:10.897+0000] {standard_task_runner.py:104} INFO - Running: ['***', 'tasks', 'run', 'sentiment_reviews_etl_batches', 'transform_data_task', 'manual__2025-11-14T09:20:00.356389+00:00', '--job-id', '71', '--raw', '--subdir', 'DAGS_FOLDER/sentiment_review_pipeline_dag.py', '--cfg-path', '/tmp/tmp1rjvc350']
[2025-11-14T09:20:10.902+0000] {standard_task_runner.py:105} INFO - Job 71: Subtask transform_data_task
[2025-11-14T09:20:10.957+0000] {task_command.py:467} INFO - Running <TaskInstance: sentiment_reviews_etl_batches.transform_data_task manual__2025-11-14T09:20:00.356389+00:00 [running]> on host 76ee26759cb5
[2025-11-14T09:20:11.041+0000] {taskinstance.py:3131} INFO - Exporting env vars: AIRFLOW_CTX_DAG_OWNER='***' AIRFLOW_CTX_DAG_ID='sentiment_reviews_etl_batches' AIRFLOW_CTX_TASK_ID='transform_data_task' AIRFLOW_CTX_EXECUTION_DATE='2025-11-14T09:20:00.356389+00:00' AIRFLOW_CTX_TRY_NUMBER='1' AIRFLOW_CTX_DAG_RUN_ID='manual__2025-11-14T09:20:00.356389+00:00'
[2025-11-14T09:20:11.044+0000] {taskinstance.py:731} INFO - ::endgroup::
[2025-11-14T09:20:11.124+0000] {log.py:232} WARNING - 2025-11-14 09:20:11 | INFO | preprocess_text | Starting preprocessing for batch 0.
[2025-11-14T09:20:11.123+0000] {transform_data.py:26} INFO - Starting preprocessing for batch 0.
[2025-11-14T09:20:11.128+0000] {log.py:232} WARNING - 2025-11-14 09:20:11 | ERROR | preprocess_text | Invalid or missing column name: Review
[2025-11-14T09:20:11.127+0000] {transform_data.py:32} ERROR - Invalid or missing column name: Review
[2025-11-14T09:20:11.131+0000] {taskinstance.py:3310} ERROR - Task failed with exception
Traceback (most recent call last):
  File "/home/airflow/.local/lib/python3.10/site-packages/airflow/models/taskinstance.py", line 767, in _execute_task
    result = _execute_callable(context=context, **execute_callable_kwargs)
  File "/home/airflow/.local/lib/python3.10/site-packages/airflow/models/taskinstance.py", line 733, in _execute_callable
    return ExecutionCallableRunner(
  File "/home/airflow/.local/lib/python3.10/site-packages/airflow/utils/operator_helpers.py", line 252, in run
    return self.func(*args, **kwargs)
  File "/home/airflow/.local/lib/python3.10/site-packages/airflow/models/baseoperator.py", line 406, in wrapper
    return func(self, *args, **kwargs)
  File "/home/airflow/.local/lib/python3.10/site-packages/airflow/operators/python.py", line 238, in execute
    return_value = self.execute_callable()
  File "/home/airflow/.local/lib/python3.10/site-packages/airflow/operators/python.py", line 256, in execute_callable
    return runner.run(*self.op_args, **self.op_kwargs)
  File "/home/airflow/.local/lib/python3.10/site-packages/airflow/utils/operator_helpers.py", line 252, in run
    return self.func(*args, **kwargs)
  File "/opt/airflow/dags/sentiment_review_pipeline_dag.py", line 111, in transform_task
    df_cleaned = preprocess_text_batch(df, col_name="Review", batch_number=batch_number)
  File "/opt/airflow/project/scripts/transform_data.py", line 33, in preprocess_text_batch
    raise KeyError(
KeyError: "The specified column 'Review' does not exist in the DataFrame."
[2025-11-14T09:20:11.153+0000] {taskinstance.py:1225} INFO - Marking task as UP_FOR_RETRY. dag_id=sentiment_reviews_etl_batches, task_id=transform_data_task, run_id=manual__2025-11-14T09:20:00.356389+00:00, execution_date=20251114T092000, start_date=20251114T092010, end_date=20251114T092011
[2025-11-14T09:20:11.170+0000] {taskinstance.py:340} INFO - ::group::Post task execution logs
[2025-11-14T09:20:11.172+0000] {standard_task_runner.py:124} ERROR - Failed to execute job 71 for task transform_data_task ("The specified column 'Review' does not exist in the DataFrame."; 373)
Traceback (most recent call last):
  File "/home/airflow/.local/lib/python3.10/site-packages/airflow/task/task_runner/standard_task_runner.py", line 117, in _start_by_fork
    ret = args.func(args, dag=self.dag)
  File "/home/airflow/.local/lib/python3.10/site-packages/airflow/cli/cli_config.py", line 49, in command
    return func(*args, **kwargs)
  File "/home/airflow/.local/lib/python3.10/site-packages/airflow/utils/cli.py", line 115, in wrapper
    return f(*args, **kwargs)
  File "/home/airflow/.local/lib/python3.10/site-packages/airflow/cli/commands/task_command.py", line 483, in task_run
    task_return_code = _run_task_by_selected_method(args, _dag, ti)
  File "/home/airflow/.local/lib/python3.10/site-packages/airflow/cli/commands/task_command.py", line 256, in _run_task_by_selected_method
    return _run_raw_task(args, ti)
  File "/home/airflow/.local/lib/python3.10/site-packages/airflow/cli/commands/task_command.py", line 341, in _run_raw_task
    return ti._run_raw_task(
  File "/home/airflow/.local/lib/python3.10/site-packages/airflow/utils/session.py", line 97, in wrapper
    return func(*args, session=session, **kwargs)
  File "/home/airflow/.local/lib/python3.10/site-packages/airflow/models/taskinstance.py", line 3004, in _run_raw_task
    return _run_raw_task(
  File "/home/airflow/.local/lib/python3.10/site-packages/airflow/models/taskinstance.py", line 273, in _run_raw_task
    TaskInstance._execute_task_with_callbacks(
  File "/home/airflow/.local/lib/python3.10/site-packages/airflow/models/taskinstance.py", line 3158, in _execute_task_with_callbacks
    result = self._execute_task(context, task_orig)
  File "/home/airflow/.local/lib/python3.10/site-packages/airflow/models/taskinstance.py", line 3182, in _execute_task
    return _execute_task(self, context, task_orig)
  File "/home/airflow/.local/lib/python3.10/site-packages/airflow/models/taskinstance.py", line 767, in _execute_task
    result = _execute_callable(context=context, **execute_callable_kwargs)
  File "/home/airflow/.local/lib/python3.10/site-packages/airflow/models/taskinstance.py", line 733, in _execute_callable
    return ExecutionCallableRunner(
  File "/home/airflow/.local/lib/python3.10/site-packages/airflow/utils/operator_helpers.py", line 252, in run
    return self.func(*args, **kwargs)
  File "/home/airflow/.local/lib/python3.10/site-packages/airflow/models/baseoperator.py", line 406, in wrapper
    return func(self, *args, **kwargs)
  File "/home/airflow/.local/lib/python3.10/site-packages/airflow/operators/python.py", line 238, in execute
    return_value = self.execute_callable()
  File "/home/airflow/.local/lib/python3.10/site-packages/airflow/operators/python.py", line 256, in execute_callable
    return runner.run(*self.op_args, **self.op_kwargs)
  File "/home/airflow/.local/lib/python3.10/site-packages/airflow/utils/operator_helpers.py", line 252, in run
    return self.func(*args, **kwargs)
  File "/opt/airflow/dags/sentiment_review_pipeline_dag.py", line 111, in transform_task
    df_cleaned = preprocess_text_batch(df, col_name="Review", batch_number=batch_number)
  File "/opt/airflow/project/scripts/transform_data.py", line 33, in preprocess_text_batch
    raise KeyError(
KeyError: "The specified column 'Review' does not exist in the DataFrame."
[2025-11-14T09:20:11.191+0000] {local_task_job_runner.py:266} INFO - Task exited with return code 1
[2025-11-14T09:20:11.218+0000] {taskinstance.py:3900} INFO - 0 downstream tasks scheduled from follow-on schedule check
[2025-11-14T09:20:11.220+0000] {local_task_job_runner.py:245} INFO - ::endgroup::
